2014-05-24 07:15:24 Debug: Notice (8): Undefined variable: cakeDescription in [C:\xampp\htdocs\tisemizapp\View\Errors\error400.ctp, line 25]
Trace:
include - APP\View\Errors\error400.ctp, line 25
View::_evaluate() - APP\Lib\Cake\View\View.php, line 948
View::_render() - APP\Lib\Cake\View\View.php, line 910
View::render() - APP\Lib\Cake\View\View.php, line 471
Controller::render() - APP\Lib\Cake\Controller\Controller.php, line 954
ExceptionRenderer::_outputMessage() - APP\Lib\Cake\Error\ExceptionRenderer.php, line 278
ExceptionRenderer::error400() - APP\Lib\Cake\Error\ExceptionRenderer.php, line 222
ExceptionRenderer::render() - APP\Lib\Cake\Error\ExceptionRenderer.php, line 176
ErrorHandler::handleException() - APP\Lib\Cake\Error\ErrorHandler.php, line 120
[main] - [internal], line ??

2014-05-24 07:15:24 Debug: Notice (8): Undefined variable: title_for_layout in [C:\xampp\htdocs\tisemizapp\View\Errors\error400.ctp, line 26]
Trace:
include - APP\View\Errors\error400.ctp, line 26
View::_evaluate() - APP\Lib\Cake\View\View.php, line 948
View::_render() - APP\Lib\Cake\View\View.php, line 910
View::render() - APP\Lib\Cake\View\View.php, line 471
Controller::render() - APP\Lib\Cake\Controller\Controller.php, line 954
ExceptionRenderer::_outputMessage() - APP\Lib\Cake\Error\ExceptionRenderer.php, line 278
ExceptionRenderer::error400() - APP\Lib\Cake\Error\ExceptionRenderer.php, line 222
ExceptionRenderer::render() - APP\Lib\Cake\Error\ExceptionRenderer.php, line 176
ErrorHandler::handleException() - APP\Lib\Cake\Error\ErrorHandler.php, line 120
[main] - [internal], line ??

2014-05-24 07:17:02 Debug: Notice (8): Undefined variable: cakeDescription in [C:\xampp\htdocs\tisemizapp\View\Errors\error400.ctp, line 15]
Trace:
include - APP\View\Errors\error400.ctp, line 15
View::_evaluate() - APP\Lib\Cake\View\View.php, line 948
View::_render() - APP\Lib\Cake\View\View.php, line 910
View::render() - APP\Lib\Cake\View\View.php, line 471
Controller::render() - APP\Lib\Cake\Controller\Controller.php, line 954
ExceptionRenderer::_outputMessage() - APP\Lib\Cake\Error\ExceptionRenderer.php, line 278
ExceptionRenderer::error400() - APP\Lib\Cake\Error\ExceptionRenderer.php, line 222
ExceptionRenderer::render() - APP\Lib\Cake\Error\ExceptionRenderer.php, line 176
ErrorHandler::handleException() - APP\Lib\Cake\Error\ErrorHandler.php, line 120
[main] - [internal], line ??

2014-05-24 07:17:02 Debug: Notice (8): Undefined variable: title_for_layout in [C:\xampp\htdocs\tisemizapp\View\Errors\error400.ctp, line 16]
Trace:
include - APP\View\Errors\error400.ctp, line 16
View::_evaluate() - APP\Lib\Cake\View\View.php, line 948
View::_render() - APP\Lib\Cake\View\View.php, line 910
View::render() - APP\Lib\Cake\View\View.php, line 471
Controller::render() - APP\Lib\Cake\Controller\Controller.php, line 954
ExceptionRenderer::_outputMessage() - APP\Lib\Cake\Error\ExceptionRenderer.php, line 278
ExceptionRenderer::error400() - APP\Lib\Cake\Error\ExceptionRenderer.php, line 222
ExceptionRenderer::render() - APP\Lib\Cake\Error\ExceptionRenderer.php, line 176
ErrorHandler::handleException() - APP\Lib\Cake\Error\ErrorHandler.php, line 120
[main] - [internal], line ??

2014-05-24 07:17:09 Debug: Notice (8): Undefined variable: cakeDescription in [C:\xampp\htdocs\tisemizapp\View\Errors\error400.ctp, line 15]
Trace:
include - APP\View\Errors\error400.ctp, line 15
View::_evaluate() - APP\Lib\Cake\View\View.php, line 948
View::_render() - APP\Lib\Cake\View\View.php, line 910
View::render() - APP\Lib\Cake\View\View.php, line 471
Controller::render() - APP\Lib\Cake\Controller\Controller.php, line 954
ExceptionRenderer::_outputMessage() - APP\Lib\Cake\Error\ExceptionRenderer.php, line 278
ExceptionRenderer::error400() - APP\Lib\Cake\Error\ExceptionRenderer.php, line 222
ExceptionRenderer::render() - APP\Lib\Cake\Error\ExceptionRenderer.php, line 176
ErrorHandler::handleException() - APP\Lib\Cake\Error\ErrorHandler.php, line 120
[main] - [internal], line ??

2014-05-24 07:17:09 Debug: Notice (8): Undefined variable: title_for_layout in [C:\xampp\htdocs\tisemizapp\View\Errors\error400.ctp, line 16]
Trace:
include - APP\View\Errors\error400.ctp, line 16
View::_evaluate() - APP\Lib\Cake\View\View.php, line 948
View::_render() - APP\Lib\Cake\View\View.php, line 910
View::render() - APP\Lib\Cake\View\View.php, line 471
Controller::render() - APP\Lib\Cake\Controller\Controller.php, line 954
ExceptionRenderer::_outputMessage() - APP\Lib\Cake\Error\ExceptionRenderer.php, line 278
ExceptionRenderer::error400() - APP\Lib\Cake\Error\ExceptionRenderer.php, line 222
ExceptionRenderer::render() - APP\Lib\Cake\Error\ExceptionRenderer.php, line 176
ErrorHandler::handleException() - APP\Lib\Cake\Error\ErrorHandler.php, line 120
[main] - [internal], line ??

2014-05-24 07:17:10 Debug: Notice (8): Undefined variable: cakeDescription in [C:\xampp\htdocs\tisemizapp\View\Errors\error400.ctp, line 15]
Trace:
include - APP\View\Errors\error400.ctp, line 15
View::_evaluate() - APP\Lib\Cake\View\View.php, line 948
View::_render() - APP\Lib\Cake\View\View.php, line 910
View::render() - APP\Lib\Cake\View\View.php, line 471
Controller::render() - APP\Lib\Cake\Controller\Controller.php, line 954
ExceptionRenderer::_outputMessage() - APP\Lib\Cake\Error\ExceptionRenderer.php, line 278
ExceptionRenderer::error400() - APP\Lib\Cake\Error\ExceptionRenderer.php, line 222
ExceptionRenderer::render() - APP\Lib\Cake\Error\ExceptionRenderer.php, line 176
ErrorHandler::handleException() - APP\Lib\Cake\Error\ErrorHandler.php, line 120
[main] - [internal], line ??

2014-05-24 07:17:10 Debug: Notice (8): Undefined variable: title_for_layout in [C:\xampp\htdocs\tisemizapp\View\Errors\error400.ctp, line 16]
Trace:
include - APP\View\Errors\error400.ctp, line 16
View::_evaluate() - APP\Lib\Cake\View\View.php, line 948
View::_render() - APP\Lib\Cake\View\View.php, line 910
View::render() - APP\Lib\Cake\View\View.php, line 471
Controller::render() - APP\Lib\Cake\Controller\Controller.php, line 954
ExceptionRenderer::_outputMessage() - APP\Lib\Cake\Error\ExceptionRenderer.php, line 278
ExceptionRenderer::error400() - APP\Lib\Cake\Error\ExceptionRenderer.php, line 222
ExceptionRenderer::render() - APP\Lib\Cake\Error\ExceptionRenderer.php, line 176
ErrorHandler::handleException() - APP\Lib\Cake\Error\ErrorHandler.php, line 120
[main] - [internal], line ??

2014-05-24 07:17:10 Debug: Notice (8): Undefined variable: cakeDescription in [C:\xampp\htdocs\tisemizapp\View\Errors\error400.ctp, line 15]
Trace:
include - APP\View\Errors\error400.ctp, line 15
View::_evaluate() - APP\Lib\Cake\View\View.php, line 948
View::_render() - APP\Lib\Cake\View\View.php, line 910
View::render() - APP\Lib\Cake\View\View.php, line 471
Controller::render() - APP\Lib\Cake\Controller\Controller.php, line 954
ExceptionRenderer::_outputMessage() - APP\Lib\Cake\Error\ExceptionRenderer.php, line 278
ExceptionRenderer::error400() - APP\Lib\Cake\Error\ExceptionRenderer.php, line 222
ExceptionRenderer::render() - APP\Lib\Cake\Error\ExceptionRenderer.php, line 176
ErrorHandler::handleException() - APP\Lib\Cake\Error\ErrorHandler.php, line 120
[main] - [internal], line ??

2014-05-24 07:17:10 Debug: Notice (8): Undefined variable: title_for_layout in [C:\xampp\htdocs\tisemizapp\View\Errors\error400.ctp, line 16]
Trace:
include - APP\View\Errors\error400.ctp, line 16
View::_evaluate() - APP\Lib\Cake\View\View.php, line 948
View::_render() - APP\Lib\Cake\View\View.php, line 910
View::render() - APP\Lib\Cake\View\View.php, line 471
Controller::render() - APP\Lib\Cake\Controller\Controller.php, line 954
ExceptionRenderer::_outputMessage() - APP\Lib\Cake\Error\ExceptionRenderer.php, line 278
ExceptionRenderer::error400() - APP\Lib\Cake\Error\ExceptionRenderer.php, line 222
ExceptionRenderer::render() - APP\Lib\Cake\Error\ExceptionRenderer.php, line 176
ErrorHandler::handleException() - APP\Lib\Cake\Error\ErrorHandler.php, line 120
[main] - [internal], line ??

2014-05-24 07:17:10 Debug: Notice (8): Undefined variable: cakeDescription in [C:\xampp\htdocs\tisemizapp\View\Errors\error400.ctp, line 15]
Trace:
include - APP\View\Errors\error400.ctp, line 15
View::_evaluate() - APP\Lib\Cake\View\View.php, line 948
View::_render() - APP\Lib\Cake\View\View.php, line 910
View::render() - APP\Lib\Cake\View\View.php, line 471
Controller::render() - APP\Lib\Cake\Controller\Controller.php, line 954
ExceptionRenderer::_outputMessage() - APP\Lib\Cake\Error\ExceptionRenderer.php, line 278
ExceptionRenderer::error400() - APP\Lib\Cake\Error\ExceptionRenderer.php, line 222
ExceptionRenderer::render() - APP\Lib\Cake\Error\ExceptionRenderer.php, line 176
ErrorHandler::handleException() - APP\Lib\Cake\Error\ErrorHandler.php, line 120
[main] - [internal], line ??

2014-05-24 07:17:10 Debug: Notice (8): Undefined variable: title_for_layout in [C:\xampp\htdocs\tisemizapp\View\Errors\error400.ctp, line 16]
Trace:
include - APP\View\Errors\error400.ctp, line 16
View::_evaluate() - APP\Lib\Cake\View\View.php, line 948
View::_render() - APP\Lib\Cake\View\View.php, line 910
View::render() - APP\Lib\Cake\View\View.php, line 471
Controller::render() - APP\Lib\Cake\Controller\Controller.php, line 954
ExceptionRenderer::_outputMessage() - APP\Lib\Cake\Error\ExceptionRenderer.php, line 278
ExceptionRenderer::error400() - APP\Lib\Cake\Error\ExceptionRenderer.php, line 222
ExceptionRenderer::render() - APP\Lib\Cake\Error\ExceptionRenderer.php, line 176
ErrorHandler::handleException() - APP\Lib\Cake\Error\ErrorHandler.php, line 120
[main] - [internal], line ??

2014-05-24 07:17:10 Debug: Notice (8): Undefined variable: cakeDescription in [C:\xampp\htdocs\tisemizapp\View\Errors\error400.ctp, line 15]
Trace:
include - APP\View\Errors\error400.ctp, line 15
View::_evaluate() - APP\Lib\Cake\View\View.php, line 948
View::_render() - APP\Lib\Cake\View\View.php, line 910
View::render() - APP\Lib\Cake\View\View.php, line 471
Controller::render() - APP\Lib\Cake\Controller\Controller.php, line 954
ExceptionRenderer::_outputMessage() - APP\Lib\Cake\Error\ExceptionRenderer.php, line 278
ExceptionRenderer::error400() - APP\Lib\Cake\Error\ExceptionRenderer.php, line 222
ExceptionRenderer::render() - APP\Lib\Cake\Error\ExceptionRenderer.php, line 176
ErrorHandler::handleException() - APP\Lib\Cake\Error\ErrorHandler.php, line 120
[main] - [internal], line ??

2014-05-24 07:17:10 Debug: Notice (8): Undefined variable: title_for_layout in [C:\xampp\htdocs\tisemizapp\View\Errors\error400.ctp, line 16]
Trace:
include - APP\View\Errors\error400.ctp, line 16
View::_evaluate() - APP\Lib\Cake\View\View.php, line 948
View::_render() - APP\Lib\Cake\View\View.php, line 910
View::render() - APP\Lib\Cake\View\View.php, line 471
Controller::render() - APP\Lib\Cake\Controller\Controller.php, line 954
ExceptionRenderer::_outputMessage() - APP\Lib\Cake\Error\ExceptionRenderer.php, line 278
ExceptionRenderer::error400() - APP\Lib\Cake\Error\ExceptionRenderer.php, line 222
ExceptionRenderer::render() - APP\Lib\Cake\Error\ExceptionRenderer.php, line 176
ErrorHandler::handleException() - APP\Lib\Cake\Error\ErrorHandler.php, line 120
[main] - [internal], line ??

2014-05-24 07:17:11 Debug: Notice (8): Undefined variable: cakeDescription in [C:\xampp\htdocs\tisemizapp\View\Errors\error400.ctp, line 15]
Trace:
include - APP\View\Errors\error400.ctp, line 15
View::_evaluate() - APP\Lib\Cake\View\View.php, line 948
View::_render() - APP\Lib\Cake\View\View.php, line 910
View::render() - APP\Lib\Cake\View\View.php, line 471
Controller::render() - APP\Lib\Cake\Controller\Controller.php, line 954
ExceptionRenderer::_outputMessage() - APP\Lib\Cake\Error\ExceptionRenderer.php, line 278
ExceptionRenderer::error400() - APP\Lib\Cake\Error\ExceptionRenderer.php, line 222
ExceptionRenderer::render() - APP\Lib\Cake\Error\ExceptionRenderer.php, line 176
ErrorHandler::handleException() - APP\Lib\Cake\Error\ErrorHandler.php, line 120
[main] - [internal], line ??

2014-05-24 07:17:11 Debug: Notice (8): Undefined variable: title_for_layout in [C:\xampp\htdocs\tisemizapp\View\Errors\error400.ctp, line 16]
Trace:
include - APP\View\Errors\error400.ctp, line 16
View::_evaluate() - APP\Lib\Cake\View\View.php, line 948
View::_render() - APP\Lib\Cake\View\View.php, line 910
View::render() - APP\Lib\Cake\View\View.php, line 471
Controller::render() - APP\Lib\Cake\Controller\Controller.php, line 954
ExceptionRenderer::_outputMessage() - APP\Lib\Cake\Error\ExceptionRenderer.php, line 278
ExceptionRenderer::error400() - APP\Lib\Cake\Error\ExceptionRenderer.php, line 222
ExceptionRenderer::render() - APP\Lib\Cake\Error\ExceptionRenderer.php, line 176
ErrorHandler::handleException() - APP\Lib\Cake\Error\ErrorHandler.php, line 120
[main] - [internal], line ??

2014-05-24 07:17:11 Debug: Notice (8): Undefined variable: cakeDescription in [C:\xampp\htdocs\tisemizapp\View\Errors\error400.ctp, line 15]
Trace:
include - APP\View\Errors\error400.ctp, line 15
View::_evaluate() - APP\Lib\Cake\View\View.php, line 948
View::_render() - APP\Lib\Cake\View\View.php, line 910
View::render() - APP\Lib\Cake\View\View.php, line 471
Controller::render() - APP\Lib\Cake\Controller\Controller.php, line 954
ExceptionRenderer::_outputMessage() - APP\Lib\Cake\Error\ExceptionRenderer.php, line 278
ExceptionRenderer::error400() - APP\Lib\Cake\Error\ExceptionRenderer.php, line 222
ExceptionRenderer::render() - APP\Lib\Cake\Error\ExceptionRenderer.php, line 176
ErrorHandler::handleException() - APP\Lib\Cake\Error\ErrorHandler.php, line 120
[main] - [internal], line ??

2014-05-24 07:17:11 Debug: Notice (8): Undefined variable: title_for_layout in [C:\xampp\htdocs\tisemizapp\View\Errors\error400.ctp, line 16]
Trace:
include - APP\View\Errors\error400.ctp, line 16
View::_evaluate() - APP\Lib\Cake\View\View.php, line 948
View::_render() - APP\Lib\Cake\View\View.php, line 910
View::render() - APP\Lib\Cake\View\View.php, line 471
Controller::render() - APP\Lib\Cake\Controller\Controller.php, line 954
ExceptionRenderer::_outputMessage() - APP\Lib\Cake\Error\ExceptionRenderer.php, line 278
ExceptionRenderer::error400() - APP\Lib\Cake\Error\ExceptionRenderer.php, line 222
ExceptionRenderer::render() - APP\Lib\Cake\Error\ExceptionRenderer.php, line 176
ErrorHandler::handleException() - APP\Lib\Cake\Error\ErrorHandler.php, line 120
[main] - [internal], line ??

2014-05-24 07:17:11 Debug: Notice (8): Undefined variable: cakeDescription in [C:\xampp\htdocs\tisemizapp\View\Errors\error400.ctp, line 15]
Trace:
include - APP\View\Errors\error400.ctp, line 15
View::_evaluate() - APP\Lib\Cake\View\View.php, line 948
View::_render() - APP\Lib\Cake\View\View.php, line 910
View::render() - APP\Lib\Cake\View\View.php, line 471
Controller::render() - APP\Lib\Cake\Controller\Controller.php, line 954
ExceptionRenderer::_outputMessage() - APP\Lib\Cake\Error\ExceptionRenderer.php, line 278
ExceptionRenderer::error400() - APP\Lib\Cake\Error\ExceptionRenderer.php, line 222
ExceptionRenderer::render() - APP\Lib\Cake\Error\ExceptionRenderer.php, line 176
ErrorHandler::handleException() - APP\Lib\Cake\Error\ErrorHandler.php, line 120
[main] - [internal], line ??

2014-05-24 07:17:11 Debug: Notice (8): Undefined variable: title_for_layout in [C:\xampp\htdocs\tisemizapp\View\Errors\error400.ctp, line 16]
Trace:
include - APP\View\Errors\error400.ctp, line 16
View::_evaluate() - APP\Lib\Cake\View\View.php, line 948
View::_render() - APP\Lib\Cake\View\View.php, line 910
View::render() - APP\Lib\Cake\View\View.php, line 471
Controller::render() - APP\Lib\Cake\Controller\Controller.php, line 954
ExceptionRenderer::_outputMessage() - APP\Lib\Cake\Error\ExceptionRenderer.php, line 278
ExceptionRenderer::error400() - APP\Lib\Cake\Error\ExceptionRenderer.php, line 222
ExceptionRenderer::render() - APP\Lib\Cake\Error\ExceptionRenderer.php, line 176
ErrorHandler::handleException() - APP\Lib\Cake\Error\ErrorHandler.php, line 120
[main] - [internal], line ??

2014-05-24 07:17:11 Debug: Notice (8): Undefined variable: cakeDescription in [C:\xampp\htdocs\tisemizapp\View\Errors\error400.ctp, line 15]
Trace:
include - APP\View\Errors\error400.ctp, line 15
View::_evaluate() - APP\Lib\Cake\View\View.php, line 948
View::_render() - APP\Lib\Cake\View\View.php, line 910
View::render() - APP\Lib\Cake\View\View.php, line 471
Controller::render() - APP\Lib\Cake\Controller\Controller.php, line 954
ExceptionRenderer::_outputMessage() - APP\Lib\Cake\Error\ExceptionRenderer.php, line 278
ExceptionRenderer::error400() - APP\Lib\Cake\Error\ExceptionRenderer.php, line 222
ExceptionRenderer::render() - APP\Lib\Cake\Error\ExceptionRenderer.php, line 176
ErrorHandler::handleException() - APP\Lib\Cake\Error\ErrorHandler.php, line 120
[main] - [internal], line ??

2014-05-24 07:17:11 Debug: Notice (8): Undefined variable: title_for_layout in [C:\xampp\htdocs\tisemizapp\View\Errors\error400.ctp, line 16]
Trace:
include - APP\View\Errors\error400.ctp, line 16
View::_evaluate() - APP\Lib\Cake\View\View.php, line 948
View::_render() - APP\Lib\Cake\View\View.php, line 910
View::render() - APP\Lib\Cake\View\View.php, line 471
Controller::render() - APP\Lib\Cake\Controller\Controller.php, line 954
ExceptionRenderer::_outputMessage() - APP\Lib\Cake\Error\ExceptionRenderer.php, line 278
ExceptionRenderer::error400() - APP\Lib\Cake\Error\ExceptionRenderer.php, line 222
ExceptionRenderer::render() - APP\Lib\Cake\Error\ExceptionRenderer.php, line 176
ErrorHandler::handleException() - APP\Lib\Cake\Error\ErrorHandler.php, line 120
[main] - [internal], line ??

2014-05-24 07:17:11 Debug: Notice (8): Undefined variable: cakeDescription in [C:\xampp\htdocs\tisemizapp\View\Errors\error400.ctp, line 15]
Trace:
include - APP\View\Errors\error400.ctp, line 15
View::_evaluate() - APP\Lib\Cake\View\View.php, line 948
View::_render() - APP\Lib\Cake\View\View.php, line 910
View::render() - APP\Lib\Cake\View\View.php, line 471
Controller::render() - APP\Lib\Cake\Controller\Controller.php, line 954
ExceptionRenderer::_outputMessage() - APP\Lib\Cake\Error\ExceptionRenderer.php, line 278
ExceptionRenderer::error400() - APP\Lib\Cake\Error\ExceptionRenderer.php, line 222
ExceptionRenderer::render() - APP\Lib\Cake\Error\ExceptionRenderer.php, line 176
ErrorHandler::handleException() - APP\Lib\Cake\Error\ErrorHandler.php, line 120
[main] - [internal], line ??

2014-05-24 07:17:11 Debug: Notice (8): Undefined variable: title_for_layout in [C:\xampp\htdocs\tisemizapp\View\Errors\error400.ctp, line 16]
Trace:
include - APP\View\Errors\error400.ctp, line 16
View::_evaluate() - APP\Lib\Cake\View\View.php, line 948
View::_render() - APP\Lib\Cake\View\View.php, line 910
View::render() - APP\Lib\Cake\View\View.php, line 471
Controller::render() - APP\Lib\Cake\Controller\Controller.php, line 954
ExceptionRenderer::_outputMessage() - APP\Lib\Cake\Error\ExceptionRenderer.php, line 278
ExceptionRenderer::error400() - APP\Lib\Cake\Error\ExceptionRenderer.php, line 222
ExceptionRenderer::render() - APP\Lib\Cake\Error\ExceptionRenderer.php, line 176
ErrorHandler::handleException() - APP\Lib\Cake\Error\ErrorHandler.php, line 120
[main] - [internal], line ??

2014-05-24 07:17:11 Debug: Notice (8): Undefined variable: cakeDescription in [C:\xampp\htdocs\tisemizapp\View\Errors\error400.ctp, line 15]
Trace:
include - APP\View\Errors\error400.ctp, line 15
View::_evaluate() - APP\Lib\Cake\View\View.php, line 948
View::_render() - APP\Lib\Cake\View\View.php, line 910
View::render() - APP\Lib\Cake\View\View.php, line 471
Controller::render() - APP\Lib\Cake\Controller\Controller.php, line 954
ExceptionRenderer::_outputMessage() - APP\Lib\Cake\Error\ExceptionRenderer.php, line 278
ExceptionRenderer::error400() - APP\Lib\Cake\Error\ExceptionRenderer.php, line 222
ExceptionRenderer::render() - APP\Lib\Cake\Error\ExceptionRenderer.php, line 176
ErrorHandler::handleException() - APP\Lib\Cake\Error\ErrorHandler.php, line 120
[main] - [internal], line ??

2014-05-24 07:17:11 Debug: Notice (8): Undefined variable: title_for_layout in [C:\xampp\htdocs\tisemizapp\View\Errors\error400.ctp, line 16]
Trace:
include - APP\View\Errors\error400.ctp, line 16
View::_evaluate() - APP\Lib\Cake\View\View.php, line 948
View::_render() - APP\Lib\Cake\View\View.php, line 910
View::render() - APP\Lib\Cake\View\View.php, line 471
Controller::render() - APP\Lib\Cake\Controller\Controller.php, line 954
ExceptionRenderer::_outputMessage() - APP\Lib\Cake\Error\ExceptionRenderer.php, line 278
ExceptionRenderer::error400() - APP\Lib\Cake\Error\ExceptionRenderer.php, line 222
ExceptionRenderer::render() - APP\Lib\Cake\Error\ExceptionRenderer.php, line 176
ErrorHandler::handleException() - APP\Lib\Cake\Error\ErrorHandler.php, line 120
[main] - [internal], line ??

2014-05-24 07:17:12 Debug: Notice (8): Undefined variable: cakeDescription in [C:\xampp\htdocs\tisemizapp\View\Errors\error400.ctp, line 15]
Trace:
include - APP\View\Errors\error400.ctp, line 15
View::_evaluate() - APP\Lib\Cake\View\View.php, line 948
View::_render() - APP\Lib\Cake\View\View.php, line 910
View::render() - APP\Lib\Cake\View\View.php, line 471
Controller::render() - APP\Lib\Cake\Controller\Controller.php, line 954
ExceptionRenderer::_outputMessage() - APP\Lib\Cake\Error\ExceptionRenderer.php, line 278
ExceptionRenderer::error400() - APP\Lib\Cake\Error\ExceptionRenderer.php, line 222
ExceptionRenderer::render() - APP\Lib\Cake\Error\ExceptionRenderer.php, line 176
ErrorHandler::handleException() - APP\Lib\Cake\Error\ErrorHandler.php, line 120
[main] - [internal], line ??

2014-05-24 07:17:12 Debug: Notice (8): Undefined variable: title_for_layout in [C:\xampp\htdocs\tisemizapp\View\Errors\error400.ctp, line 16]
Trace:
include - APP\View\Errors\error400.ctp, line 16
View::_evaluate() - APP\Lib\Cake\View\View.php, line 948
View::_render() - APP\Lib\Cake\View\View.php, line 910
View::render() - APP\Lib\Cake\View\View.php, line 471
Controller::render() - APP\Lib\Cake\Controller\Controller.php, line 954
ExceptionRenderer::_outputMessage() - APP\Lib\Cake\Error\ExceptionRenderer.php, line 278
ExceptionRenderer::error400() - APP\Lib\Cake\Error\ExceptionRenderer.php, line 222
ExceptionRenderer::render() - APP\Lib\Cake\Error\ExceptionRenderer.php, line 176
ErrorHandler::handleException() - APP\Lib\Cake\Error\ErrorHandler.php, line 120
[main] - [internal], line ??

2014-05-24 07:17:12 Debug: Notice (8): Undefined variable: cakeDescription in [C:\xampp\htdocs\tisemizapp\View\Errors\error400.ctp, line 15]
Trace:
include - APP\View\Errors\error400.ctp, line 15
View::_evaluate() - APP\Lib\Cake\View\View.php, line 948
View::_render() - APP\Lib\Cake\View\View.php, line 910
View::render() - APP\Lib\Cake\View\View.php, line 471
Controller::render() - APP\Lib\Cake\Controller\Controller.php, line 954
ExceptionRenderer::_outputMessage() - APP\Lib\Cake\Error\ExceptionRenderer.php, line 278
ExceptionRenderer::error400() - APP\Lib\Cake\Error\ExceptionRenderer.php, line 222
ExceptionRenderer::render() - APP\Lib\Cake\Error\ExceptionRenderer.php, line 176
ErrorHandler::handleException() - APP\Lib\Cake\Error\ErrorHandler.php, line 120
[main] - [internal], line ??

2014-05-24 07:17:12 Debug: Notice (8): Undefined variable: title_for_layout in [C:\xampp\htdocs\tisemizapp\View\Errors\error400.ctp, line 16]
Trace:
include - APP\View\Errors\error400.ctp, line 16
View::_evaluate() - APP\Lib\Cake\View\View.php, line 948
View::_render() - APP\Lib\Cake\View\View.php, line 910
View::render() - APP\Lib\Cake\View\View.php, line 471
Controller::render() - APP\Lib\Cake\Controller\Controller.php, line 954
ExceptionRenderer::_outputMessage() - APP\Lib\Cake\Error\ExceptionRenderer.php, line 278
ExceptionRenderer::error400() - APP\Lib\Cake\Error\ExceptionRenderer.php, line 222
ExceptionRenderer::render() - APP\Lib\Cake\Error\ExceptionRenderer.php, line 176
ErrorHandler::handleException() - APP\Lib\Cake\Error\ErrorHandler.php, line 120
[main] - [internal], line ??

2014-05-24 07:17:12 Debug: Notice (8): Undefined variable: cakeDescription in [C:\xampp\htdocs\tisemizapp\View\Errors\error400.ctp, line 15]
Trace:
include - APP\View\Errors\error400.ctp, line 15
View::_evaluate() - APP\Lib\Cake\View\View.php, line 948
View::_render() - APP\Lib\Cake\View\View.php, line 910
View::render() - APP\Lib\Cake\View\View.php, line 471
Controller::render() - APP\Lib\Cake\Controller\Controller.php, line 954
ExceptionRenderer::_outputMessage() - APP\Lib\Cake\Error\ExceptionRenderer.php, line 278
ExceptionRenderer::error400() - APP\Lib\Cake\Error\ExceptionRenderer.php, line 222
ExceptionRenderer::render() - APP\Lib\Cake\Error\ExceptionRenderer.php, line 176
ErrorHandler::handleException() - APP\Lib\Cake\Error\ErrorHandler.php, line 120
[main] - [internal], line ??

2014-05-24 07:17:12 Debug: Notice (8): Undefined variable: title_for_layout in [C:\xampp\htdocs\tisemizapp\View\Errors\error400.ctp, line 16]
Trace:
include - APP\View\Errors\error400.ctp, line 16
View::_evaluate() - APP\Lib\Cake\View\View.php, line 948
View::_render() - APP\Lib\Cake\View\View.php, line 910
View::render() - APP\Lib\Cake\View\View.php, line 471
Controller::render() - APP\Lib\Cake\Controller\Controller.php, line 954
ExceptionRenderer::_outputMessage() - APP\Lib\Cake\Error\ExceptionRenderer.php, line 278
ExceptionRenderer::error400() - APP\Lib\Cake\Error\ExceptionRenderer.php, line 222
ExceptionRenderer::render() - APP\Lib\Cake\Error\ExceptionRenderer.php, line 176
ErrorHandler::handleException() - APP\Lib\Cake\Error\ErrorHandler.php, line 120
[main] - [internal], line ??

2014-05-24 07:17:52 Debug: Notice (8): Undefined variable: cakeDescription in [C:\xampp\htdocs\tisemizapp\View\Errors\error400.ctp, line 15]
Trace:
include - APP\View\Errors\error400.ctp, line 15
View::_evaluate() - APP\Lib\Cake\View\View.php, line 948
View::_render() - APP\Lib\Cake\View\View.php, line 910
View::render() - APP\Lib\Cake\View\View.php, line 471
Controller::render() - APP\Lib\Cake\Controller\Controller.php, line 954
ExceptionRenderer::_outputMessage() - APP\Lib\Cake\Error\ExceptionRenderer.php, line 278
ExceptionRenderer::error400() - APP\Lib\Cake\Error\ExceptionRenderer.php, line 222
ExceptionRenderer::render() - APP\Lib\Cake\Error\ExceptionRenderer.php, line 176
ErrorHandler::handleException() - APP\Lib\Cake\Error\ErrorHandler.php, line 120
[main] - [internal], line ??

2014-05-24 07:17:52 Debug: Notice (8): Undefined variable: title_for_layout in [C:\xampp\htdocs\tisemizapp\View\Errors\error400.ctp, line 16]
Trace:
include - APP\View\Errors\error400.ctp, line 16
View::_evaluate() - APP\Lib\Cake\View\View.php, line 948
View::_render() - APP\Lib\Cake\View\View.php, line 910
View::render() - APP\Lib\Cake\View\View.php, line 471
Controller::render() - APP\Lib\Cake\Controller\Controller.php, line 954
ExceptionRenderer::_outputMessage() - APP\Lib\Cake\Error\ExceptionRenderer.php, line 278
ExceptionRenderer::error400() - APP\Lib\Cake\Error\ExceptionRenderer.php, line 222
ExceptionRenderer::render() - APP\Lib\Cake\Error\ExceptionRenderer.php, line 176
ErrorHandler::handleException() - APP\Lib\Cake\Error\ErrorHandler.php, line 120
[main] - [internal], line ??

2014-05-24 07:18:19 Debug: Notice (8): Undefined variable: cakeDescription in [C:\xampp\htdocs\tisemizapp\View\Errors\error400.ctp, line 15]
Trace:
include - APP\View\Errors\error400.ctp, line 15
View::_evaluate() - APP\Lib\Cake\View\View.php, line 948
View::_render() - APP\Lib\Cake\View\View.php, line 910
View::render() - APP\Lib\Cake\View\View.php, line 471
Controller::render() - APP\Lib\Cake\Controller\Controller.php, line 954
ExceptionRenderer::_outputMessage() - APP\Lib\Cake\Error\ExceptionRenderer.php, line 278
ExceptionRenderer::error400() - APP\Lib\Cake\Error\ExceptionRenderer.php, line 222
ExceptionRenderer::render() - APP\Lib\Cake\Error\ExceptionRenderer.php, line 176
ErrorHandler::handleException() - APP\Lib\Cake\Error\ErrorHandler.php, line 120
[main] - [internal], line ??

2014-05-24 07:18:19 Debug: Notice (8): Undefined variable: title_for_layout in [C:\xampp\htdocs\tisemizapp\View\Errors\error400.ctp, line 16]
Trace:
include - APP\View\Errors\error400.ctp, line 16
View::_evaluate() - APP\Lib\Cake\View\View.php, line 948
View::_render() - APP\Lib\Cake\View\View.php, line 910
View::render() - APP\Lib\Cake\View\View.php, line 471
Controller::render() - APP\Lib\Cake\Controller\Controller.php, line 954
ExceptionRenderer::_outputMessage() - APP\Lib\Cake\Error\ExceptionRenderer.php, line 278
ExceptionRenderer::error400() - APP\Lib\Cake\Error\ExceptionRenderer.php, line 222
ExceptionRenderer::render() - APP\Lib\Cake\Error\ExceptionRenderer.php, line 176
ErrorHandler::handleException() - APP\Lib\Cake\Error\ErrorHandler.php, line 120
[main] - [internal], line ??

2014-05-24 07:18:46 Debug: Notice (8): Undefined variable: cakeDescription in [C:\xampp\htdocs\tisemizapp\View\Errors\error400.ctp, line 15]
Trace:
include - APP\View\Errors\error400.ctp, line 15
View::_evaluate() - APP\Lib\Cake\View\View.php, line 948
View::_render() - APP\Lib\Cake\View\View.php, line 910
View::render() - APP\Lib\Cake\View\View.php, line 471
Controller::render() - APP\Lib\Cake\Controller\Controller.php, line 954
ExceptionRenderer::_outputMessage() - APP\Lib\Cake\Error\ExceptionRenderer.php, line 278
ExceptionRenderer::error400() - APP\Lib\Cake\Error\ExceptionRenderer.php, line 222
ExceptionRenderer::render() - APP\Lib\Cake\Error\ExceptionRenderer.php, line 176
ErrorHandler::handleException() - APP\Lib\Cake\Error\ErrorHandler.php, line 120
[main] - [internal], line ??

2014-05-24 07:18:46 Debug: Notice (8): Undefined variable: title_for_layout in [C:\xampp\htdocs\tisemizapp\View\Errors\error400.ctp, line 16]
Trace:
include - APP\View\Errors\error400.ctp, line 16
View::_evaluate() - APP\Lib\Cake\View\View.php, line 948
View::_render() - APP\Lib\Cake\View\View.php, line 910
View::render() - APP\Lib\Cake\View\View.php, line 471
Controller::render() - APP\Lib\Cake\Controller\Controller.php, line 954
ExceptionRenderer::_outputMessage() - APP\Lib\Cake\Error\ExceptionRenderer.php, line 278
ExceptionRenderer::error400() - APP\Lib\Cake\Error\ExceptionRenderer.php, line 222
ExceptionRenderer::render() - APP\Lib\Cake\Error\ExceptionRenderer.php, line 176
ErrorHandler::handleException() - APP\Lib\Cake\Error\ErrorHandler.php, line 120
[main] - [internal], line ??

2014-05-24 07:18:47 Debug: Notice (8): Undefined variable: cakeDescription in [C:\xampp\htdocs\tisemizapp\View\Errors\error400.ctp, line 15]
Trace:
include - APP\View\Errors\error400.ctp, line 15
View::_evaluate() - APP\Lib\Cake\View\View.php, line 948
View::_render() - APP\Lib\Cake\View\View.php, line 910
View::render() - APP\Lib\Cake\View\View.php, line 471
Controller::render() - APP\Lib\Cake\Controller\Controller.php, line 954
ExceptionRenderer::_outputMessage() - APP\Lib\Cake\Error\ExceptionRenderer.php, line 278
ExceptionRenderer::error400() - APP\Lib\Cake\Error\ExceptionRenderer.php, line 222
ExceptionRenderer::render() - APP\Lib\Cake\Error\ExceptionRenderer.php, line 176
ErrorHandler::handleException() - APP\Lib\Cake\Error\ErrorHandler.php, line 120
[main] - [internal], line ??

2014-05-24 07:18:47 Debug: Notice (8): Undefined variable: title_for_layout in [C:\xampp\htdocs\tisemizapp\View\Errors\error400.ctp, line 16]
Trace:
include - APP\View\Errors\error400.ctp, line 16
View::_evaluate() - APP\Lib\Cake\View\View.php, line 948
View::_render() - APP\Lib\Cake\View\View.php, line 910
View::render() - APP\Lib\Cake\View\View.php, line 471
Controller::render() - APP\Lib\Cake\Controller\Controller.php, line 954
ExceptionRenderer::_outputMessage() - APP\Lib\Cake\Error\ExceptionRenderer.php, line 278
ExceptionRenderer::error400() - APP\Lib\Cake\Error\ExceptionRenderer.php, line 222
ExceptionRenderer::render() - APP\Lib\Cake\Error\ExceptionRenderer.php, line 176
ErrorHandler::handleException() - APP\Lib\Cake\Error\ErrorHandler.php, line 120
[main] - [internal], line ??

2014-05-24 07:18:47 Debug: Notice (8): Undefined variable: cakeDescription in [C:\xampp\htdocs\tisemizapp\View\Errors\error400.ctp, line 15]
Trace:
include - APP\View\Errors\error400.ctp, line 15
View::_evaluate() - APP\Lib\Cake\View\View.php, line 948
View::_render() - APP\Lib\Cake\View\View.php, line 910
View::render() - APP\Lib\Cake\View\View.php, line 471
Controller::render() - APP\Lib\Cake\Controller\Controller.php, line 954
ExceptionRenderer::_outputMessage() - APP\Lib\Cake\Error\ExceptionRenderer.php, line 278
ExceptionRenderer::error400() - APP\Lib\Cake\Error\ExceptionRenderer.php, line 222
ExceptionRenderer::render() - APP\Lib\Cake\Error\ExceptionRenderer.php, line 176
ErrorHandler::handleException() - APP\Lib\Cake\Error\ErrorHandler.php, line 120
[main] - [internal], line ??

2014-05-24 07:18:47 Debug: Notice (8): Undefined variable: title_for_layout in [C:\xampp\htdocs\tisemizapp\View\Errors\error400.ctp, line 16]
Trace:
include - APP\View\Errors\error400.ctp, line 16
View::_evaluate() - APP\Lib\Cake\View\View.php, line 948
View::_render() - APP\Lib\Cake\View\View.php, line 910
View::render() - APP\Lib\Cake\View\View.php, line 471
Controller::render() - APP\Lib\Cake\Controller\Controller.php, line 954
ExceptionRenderer::_outputMessage() - APP\Lib\Cake\Error\ExceptionRenderer.php, line 278
ExceptionRenderer::error400() - APP\Lib\Cake\Error\ExceptionRenderer.php, line 222
ExceptionRenderer::render() - APP\Lib\Cake\Error\ExceptionRenderer.php, line 176
ErrorHandler::handleException() - APP\Lib\Cake\Error\ErrorHandler.php, line 120
[main] - [internal], line ??

2014-05-24 07:18:47 Debug: Notice (8): Undefined variable: cakeDescription in [C:\xampp\htdocs\tisemizapp\View\Errors\error400.ctp, line 15]
Trace:
include - APP\View\Errors\error400.ctp, line 15
View::_evaluate() - APP\Lib\Cake\View\View.php, line 948
View::_render() - APP\Lib\Cake\View\View.php, line 910
View::render() - APP\Lib\Cake\View\View.php, line 471
Controller::render() - APP\Lib\Cake\Controller\Controller.php, line 954
ExceptionRenderer::_outputMessage() - APP\Lib\Cake\Error\ExceptionRenderer.php, line 278
ExceptionRenderer::error400() - APP\Lib\Cake\Error\ExceptionRenderer.php, line 222
ExceptionRenderer::render() - APP\Lib\Cake\Error\ExceptionRenderer.php, line 176
ErrorHandler::handleException() - APP\Lib\Cake\Error\ErrorHandler.php, line 120
[main] - [internal], line ??

2014-05-24 07:18:47 Debug: Notice (8): Undefined variable: title_for_layout in [C:\xampp\htdocs\tisemizapp\View\Errors\error400.ctp, line 16]
Trace:
include - APP\View\Errors\error400.ctp, line 16
View::_evaluate() - APP\Lib\Cake\View\View.php, line 948
View::_render() - APP\Lib\Cake\View\View.php, line 910
View::render() - APP\Lib\Cake\View\View.php, line 471
Controller::render() - APP\Lib\Cake\Controller\Controller.php, line 954
ExceptionRenderer::_outputMessage() - APP\Lib\Cake\Error\ExceptionRenderer.php, line 278
ExceptionRenderer::error400() - APP\Lib\Cake\Error\ExceptionRenderer.php, line 222
ExceptionRenderer::render() - APP\Lib\Cake\Error\ExceptionRenderer.php, line 176
ErrorHandler::handleException() - APP\Lib\Cake\Error\ErrorHandler.php, line 120
[main] - [internal], line ??

2014-05-24 07:18:47 Debug: Notice (8): Undefined variable: cakeDescription in [C:\xampp\htdocs\tisemizapp\View\Errors\error400.ctp, line 15]
Trace:
include - APP\View\Errors\error400.ctp, line 15
View::_evaluate() - APP\Lib\Cake\View\View.php, line 948
View::_render() - APP\Lib\Cake\View\View.php, line 910
View::render() - APP\Lib\Cake\View\View.php, line 471
Controller::render() - APP\Lib\Cake\Controller\Controller.php, line 954
ExceptionRenderer::_outputMessage() - APP\Lib\Cake\Error\ExceptionRenderer.php, line 278
ExceptionRenderer::error400() - APP\Lib\Cake\Error\ExceptionRenderer.php, line 222
ExceptionRenderer::render() - APP\Lib\Cake\Error\ExceptionRenderer.php, line 176
ErrorHandler::handleException() - APP\Lib\Cake\Error\ErrorHandler.php, line 120
[main] - [internal], line ??

2014-05-24 07:18:47 Debug: Notice (8): Undefined variable: title_for_layout in [C:\xampp\htdocs\tisemizapp\View\Errors\error400.ctp, line 16]
Trace:
include - APP\View\Errors\error400.ctp, line 16
View::_evaluate() - APP\Lib\Cake\View\View.php, line 948
View::_render() - APP\Lib\Cake\View\View.php, line 910
View::render() - APP\Lib\Cake\View\View.php, line 471
Controller::render() - APP\Lib\Cake\Controller\Controller.php, line 954
ExceptionRenderer::_outputMessage() - APP\Lib\Cake\Error\ExceptionRenderer.php, line 278
ExceptionRenderer::error400() - APP\Lib\Cake\Error\ExceptionRenderer.php, line 222
ExceptionRenderer::render() - APP\Lib\Cake\Error\ExceptionRenderer.php, line 176
ErrorHandler::handleException() - APP\Lib\Cake\Error\ErrorHandler.php, line 120
[main] - [internal], line ??

2014-05-24 07:18:48 Debug: Notice (8): Undefined variable: cakeDescription in [C:\xampp\htdocs\tisemizapp\View\Errors\error400.ctp, line 15]
Trace:
include - APP\View\Errors\error400.ctp, line 15
View::_evaluate() - APP\Lib\Cake\View\View.php, line 948
View::_render() - APP\Lib\Cake\View\View.php, line 910
View::render() - APP\Lib\Cake\View\View.php, line 471
Controller::render() - APP\Lib\Cake\Controller\Controller.php, line 954
ExceptionRenderer::_outputMessage() - APP\Lib\Cake\Error\ExceptionRenderer.php, line 278
ExceptionRenderer::error400() - APP\Lib\Cake\Error\ExceptionRenderer.php, line 222
ExceptionRenderer::render() - APP\Lib\Cake\Error\ExceptionRenderer.php, line 176
ErrorHandler::handleException() - APP\Lib\Cake\Error\ErrorHandler.php, line 120
[main] - [internal], line ??

2014-05-24 07:18:48 Debug: Notice (8): Undefined variable: title_for_layout in [C:\xampp\htdocs\tisemizapp\View\Errors\error400.ctp, line 16]
Trace:
include - APP\View\Errors\error400.ctp, line 16
View::_evaluate() - APP\Lib\Cake\View\View.php, line 948
View::_render() - APP\Lib\Cake\View\View.php, line 910
View::render() - APP\Lib\Cake\View\View.php, line 471
Controller::render() - APP\Lib\Cake\Controller\Controller.php, line 954
ExceptionRenderer::_outputMessage() - APP\Lib\Cake\Error\ExceptionRenderer.php, line 278
ExceptionRenderer::error400() - APP\Lib\Cake\Error\ExceptionRenderer.php, line 222
ExceptionRenderer::render() - APP\Lib\Cake\Error\ExceptionRenderer.php, line 176
ErrorHandler::handleException() - APP\Lib\Cake\Error\ErrorHandler.php, line 120
[main] - [internal], line ??

2014-05-24 07:18:48 Debug: Notice (8): Undefined variable: cakeDescription in [C:\xampp\htdocs\tisemizapp\View\Errors\error400.ctp, line 15]
Trace:
include - APP\View\Errors\error400.ctp, line 15
View::_evaluate() - APP\Lib\Cake\View\View.php, line 948
View::_render() - APP\Lib\Cake\View\View.php, line 910
View::render() - APP\Lib\Cake\View\View.php, line 471
Controller::render() - APP\Lib\Cake\Controller\Controller.php, line 954
ExceptionRenderer::_outputMessage() - APP\Lib\Cake\Error\ExceptionRenderer.php, line 278
ExceptionRenderer::error400() - APP\Lib\Cake\Error\ExceptionRenderer.php, line 222
ExceptionRenderer::render() - APP\Lib\Cake\Error\ExceptionRenderer.php, line 176
ErrorHandler::handleException() - APP\Lib\Cake\Error\ErrorHandler.php, line 120
[main] - [internal], line ??

2014-05-24 07:18:48 Debug: Notice (8): Undefined variable: title_for_layout in [C:\xampp\htdocs\tisemizapp\View\Errors\error400.ctp, line 16]
Trace:
include - APP\View\Errors\error400.ctp, line 16
View::_evaluate() - APP\Lib\Cake\View\View.php, line 948
View::_render() - APP\Lib\Cake\View\View.php, line 910
View::render() - APP\Lib\Cake\View\View.php, line 471
Controller::render() - APP\Lib\Cake\Controller\Controller.php, line 954
ExceptionRenderer::_outputMessage() - APP\Lib\Cake\Error\ExceptionRenderer.php, line 278
ExceptionRenderer::error400() - APP\Lib\Cake\Error\ExceptionRenderer.php, line 222
ExceptionRenderer::render() - APP\Lib\Cake\Error\ExceptionRenderer.php, line 176
ErrorHandler::handleException() - APP\Lib\Cake\Error\ErrorHandler.php, line 120
[main] - [internal], line ??

2014-05-24 07:18:48 Debug: Notice (8): Undefined variable: cakeDescription in [C:\xampp\htdocs\tisemizapp\View\Errors\error400.ctp, line 15]
Trace:
include - APP\View\Errors\error400.ctp, line 15
View::_evaluate() - APP\Lib\Cake\View\View.php, line 948
View::_render() - APP\Lib\Cake\View\View.php, line 910
View::render() - APP\Lib\Cake\View\View.php, line 471
Controller::render() - APP\Lib\Cake\Controller\Controller.php, line 954
ExceptionRenderer::_outputMessage() - APP\Lib\Cake\Error\ExceptionRenderer.php, line 278
ExceptionRenderer::error400() - APP\Lib\Cake\Error\ExceptionRenderer.php, line 222
ExceptionRenderer::render() - APP\Lib\Cake\Error\ExceptionRenderer.php, line 176
ErrorHandler::handleException() - APP\Lib\Cake\Error\ErrorHandler.php, line 120
[main] - [internal], line ??

2014-05-24 07:18:48 Debug: Notice (8): Undefined variable: title_for_layout in [C:\xampp\htdocs\tisemizapp\View\Errors\error400.ctp, line 16]
Trace:
include - APP\View\Errors\error400.ctp, line 16
View::_evaluate() - APP\Lib\Cake\View\View.php, line 948
View::_render() - APP\Lib\Cake\View\View.php, line 910
View::render() - APP\Lib\Cake\View\View.php, line 471
Controller::render() - APP\Lib\Cake\Controller\Controller.php, line 954
ExceptionRenderer::_outputMessage() - APP\Lib\Cake\Error\ExceptionRenderer.php, line 278
ExceptionRenderer::error400() - APP\Lib\Cake\Error\ExceptionRenderer.php, line 222
ExceptionRenderer::render() - APP\Lib\Cake\Error\ExceptionRenderer.php, line 176
ErrorHandler::handleException() - APP\Lib\Cake\Error\ErrorHandler.php, line 120
[main] - [internal], line ??

2014-05-24 07:18:48 Debug: Notice (8): Undefined variable: cakeDescription in [C:\xampp\htdocs\tisemizapp\View\Errors\error400.ctp, line 15]
Trace:
include - APP\View\Errors\error400.ctp, line 15
View::_evaluate() - APP\Lib\Cake\View\View.php, line 948
View::_render() - APP\Lib\Cake\View\View.php, line 910
View::render() - APP\Lib\Cake\View\View.php, line 471
Controller::render() - APP\Lib\Cake\Controller\Controller.php, line 954
ExceptionRenderer::_outputMessage() - APP\Lib\Cake\Error\ExceptionRenderer.php, line 278
ExceptionRenderer::error400() - APP\Lib\Cake\Error\ExceptionRenderer.php, line 222
ExceptionRenderer::render() - APP\Lib\Cake\Error\ExceptionRenderer.php, line 176
ErrorHandler::handleException() - APP\Lib\Cake\Error\ErrorHandler.php, line 120
[main] - [internal], line ??

2014-05-24 07:18:48 Debug: Notice (8): Undefined variable: title_for_layout in [C:\xampp\htdocs\tisemizapp\View\Errors\error400.ctp, line 16]
Trace:
include - APP\View\Errors\error400.ctp, line 16
View::_evaluate() - APP\Lib\Cake\View\View.php, line 948
View::_render() - APP\Lib\Cake\View\View.php, line 910
View::render() - APP\Lib\Cake\View\View.php, line 471
Controller::render() - APP\Lib\Cake\Controller\Controller.php, line 954
ExceptionRenderer::_outputMessage() - APP\Lib\Cake\Error\ExceptionRenderer.php, line 278
ExceptionRenderer::error400() - APP\Lib\Cake\Error\ExceptionRenderer.php, line 222
ExceptionRenderer::render() - APP\Lib\Cake\Error\ExceptionRenderer.php, line 176
ErrorHandler::handleException() - APP\Lib\Cake\Error\ErrorHandler.php, line 120
[main] - [internal], line ??

2014-05-24 07:18:48 Debug: Notice (8): Undefined variable: cakeDescription in [C:\xampp\htdocs\tisemizapp\View\Errors\error400.ctp, line 15]
Trace:
include - APP\View\Errors\error400.ctp, line 15
View::_evaluate() - APP\Lib\Cake\View\View.php, line 948
View::_render() - APP\Lib\Cake\View\View.php, line 910
View::render() - APP\Lib\Cake\View\View.php, line 471
Controller::render() - APP\Lib\Cake\Controller\Controller.php, line 954
ExceptionRenderer::_outputMessage() - APP\Lib\Cake\Error\ExceptionRenderer.php, line 278
ExceptionRenderer::error400() - APP\Lib\Cake\Error\ExceptionRenderer.php, line 222
ExceptionRenderer::render() - APP\Lib\Cake\Error\ExceptionRenderer.php, line 176
ErrorHandler::handleException() - APP\Lib\Cake\Error\ErrorHandler.php, line 120
[main] - [internal], line ??

2014-05-24 07:18:48 Debug: Notice (8): Undefined variable: title_for_layout in [C:\xampp\htdocs\tisemizapp\View\Errors\error400.ctp, line 16]
Trace:
include - APP\View\Errors\error400.ctp, line 16
View::_evaluate() - APP\Lib\Cake\View\View.php, line 948
View::_render() - APP\Lib\Cake\View\View.php, line 910
View::render() - APP\Lib\Cake\View\View.php, line 471
Controller::render() - APP\Lib\Cake\Controller\Controller.php, line 954
ExceptionRenderer::_outputMessage() - APP\Lib\Cake\Error\ExceptionRenderer.php, line 278
ExceptionRenderer::error400() - APP\Lib\Cake\Error\ExceptionRenderer.php, line 222
ExceptionRenderer::render() - APP\Lib\Cake\Error\ExceptionRenderer.php, line 176
ErrorHandler::handleException() - APP\Lib\Cake\Error\ErrorHandler.php, line 120
[main] - [internal], line ??

2014-05-24 07:18:48 Debug: Notice (8): Undefined variable: cakeDescription in [C:\xampp\htdocs\tisemizapp\View\Errors\error400.ctp, line 15]
Trace:
include - APP\View\Errors\error400.ctp, line 15
View::_evaluate() - APP\Lib\Cake\View\View.php, line 948
View::_render() - APP\Lib\Cake\View\View.php, line 910
View::render() - APP\Lib\Cake\View\View.php, line 471
Controller::render() - APP\Lib\Cake\Controller\Controller.php, line 954
ExceptionRenderer::_outputMessage() - APP\Lib\Cake\Error\ExceptionRenderer.php, line 278
ExceptionRenderer::error400() - APP\Lib\Cake\Error\ExceptionRenderer.php, line 222
ExceptionRenderer::render() - APP\Lib\Cake\Error\ExceptionRenderer.php, line 176
ErrorHandler::handleException() - APP\Lib\Cake\Error\ErrorHandler.php, line 120
[main] - [internal], line ??

2014-05-24 07:18:48 Debug: Notice (8): Undefined variable: title_for_layout in [C:\xampp\htdocs\tisemizapp\View\Errors\error400.ctp, line 16]
Trace:
include - APP\View\Errors\error400.ctp, line 16
View::_evaluate() - APP\Lib\Cake\View\View.php, line 948
View::_render() - APP\Lib\Cake\View\View.php, line 910
View::render() - APP\Lib\Cake\View\View.php, line 471
Controller::render() - APP\Lib\Cake\Controller\Controller.php, line 954
ExceptionRenderer::_outputMessage() - APP\Lib\Cake\Error\ExceptionRenderer.php, line 278
ExceptionRenderer::error400() - APP\Lib\Cake\Error\ExceptionRenderer.php, line 222
ExceptionRenderer::render() - APP\Lib\Cake\Error\ExceptionRenderer.php, line 176
ErrorHandler::handleException() - APP\Lib\Cake\Error\ErrorHandler.php, line 120
[main] - [internal], line ??

2014-05-24 07:18:48 Debug: Notice (8): Undefined variable: cakeDescription in [C:\xampp\htdocs\tisemizapp\View\Errors\error400.ctp, line 15]
Trace:
include - APP\View\Errors\error400.ctp, line 15
View::_evaluate() - APP\Lib\Cake\View\View.php, line 948
View::_render() - APP\Lib\Cake\View\View.php, line 910
View::render() - APP\Lib\Cake\View\View.php, line 471
Controller::render() - APP\Lib\Cake\Controller\Controller.php, line 954
ExceptionRenderer::_outputMessage() - APP\Lib\Cake\Error\ExceptionRenderer.php, line 278
ExceptionRenderer::error400() - APP\Lib\Cake\Error\ExceptionRenderer.php, line 222
ExceptionRenderer::render() - APP\Lib\Cake\Error\ExceptionRenderer.php, line 176
ErrorHandler::handleException() - APP\Lib\Cake\Error\ErrorHandler.php, line 120
[main] - [internal], line ??

2014-05-24 07:18:48 Debug: Notice (8): Undefined variable: title_for_layout in [C:\xampp\htdocs\tisemizapp\View\Errors\error400.ctp, line 16]
Trace:
include - APP\View\Errors\error400.ctp, line 16
View::_evaluate() - APP\Lib\Cake\View\View.php, line 948
View::_render() - APP\Lib\Cake\View\View.php, line 910
View::render() - APP\Lib\Cake\View\View.php, line 471
Controller::render() - APP\Lib\Cake\Controller\Controller.php, line 954
ExceptionRenderer::_outputMessage() - APP\Lib\Cake\Error\ExceptionRenderer.php, line 278
ExceptionRenderer::error400() - APP\Lib\Cake\Error\ExceptionRenderer.php, line 222
ExceptionRenderer::render() - APP\Lib\Cake\Error\ExceptionRenderer.php, line 176
ErrorHandler::handleException() - APP\Lib\Cake\Error\ErrorHandler.php, line 120
[main] - [internal], line ??

2014-05-24 07:18:49 Debug: Notice (8): Undefined variable: cakeDescription in [C:\xampp\htdocs\tisemizapp\View\Errors\error400.ctp, line 15]
Trace:
include - APP\View\Errors\error400.ctp, line 15
View::_evaluate() - APP\Lib\Cake\View\View.php, line 948
View::_render() - APP\Lib\Cake\View\View.php, line 910
View::render() - APP\Lib\Cake\View\View.php, line 471
Controller::render() - APP\Lib\Cake\Controller\Controller.php, line 954
ExceptionRenderer::_outputMessage() - APP\Lib\Cake\Error\ExceptionRenderer.php, line 278
ExceptionRenderer::error400() - APP\Lib\Cake\Error\ExceptionRenderer.php, line 222
ExceptionRenderer::render() - APP\Lib\Cake\Error\ExceptionRenderer.php, line 176
ErrorHandler::handleException() - APP\Lib\Cake\Error\ErrorHandler.php, line 120
[main] - [internal], line ??

2014-05-24 07:18:49 Debug: Notice (8): Undefined variable: title_for_layout in [C:\xampp\htdocs\tisemizapp\View\Errors\error400.ctp, line 16]
Trace:
include - APP\View\Errors\error400.ctp, line 16
View::_evaluate() - APP\Lib\Cake\View\View.php, line 948
View::_render() - APP\Lib\Cake\View\View.php, line 910
View::render() - APP\Lib\Cake\View\View.php, line 471
Controller::render() - APP\Lib\Cake\Controller\Controller.php, line 954
ExceptionRenderer::_outputMessage() - APP\Lib\Cake\Error\ExceptionRenderer.php, line 278
ExceptionRenderer::error400() - APP\Lib\Cake\Error\ExceptionRenderer.php, line 222
ExceptionRenderer::render() - APP\Lib\Cake\Error\ExceptionRenderer.php, line 176
ErrorHandler::handleException() - APP\Lib\Cake\Error\ErrorHandler.php, line 120
[main] - [internal], line ??

2014-05-24 07:18:49 Debug: Notice (8): Undefined variable: cakeDescription in [C:\xampp\htdocs\tisemizapp\View\Errors\error400.ctp, line 15]
Trace:
include - APP\View\Errors\error400.ctp, line 15
View::_evaluate() - APP\Lib\Cake\View\View.php, line 948
View::_render() - APP\Lib\Cake\View\View.php, line 910
View::render() - APP\Lib\Cake\View\View.php, line 471
Controller::render() - APP\Lib\Cake\Controller\Controller.php, line 954
ExceptionRenderer::_outputMessage() - APP\Lib\Cake\Error\ExceptionRenderer.php, line 278
ExceptionRenderer::error400() - APP\Lib\Cake\Error\ExceptionRenderer.php, line 222
ExceptionRenderer::render() - APP\Lib\Cake\Error\ExceptionRenderer.php, line 176
ErrorHandler::handleException() - APP\Lib\Cake\Error\ErrorHandler.php, line 120
[main] - [internal], line ??

2014-05-24 07:18:49 Debug: Notice (8): Undefined variable: title_for_layout in [C:\xampp\htdocs\tisemizapp\View\Errors\error400.ctp, line 16]
Trace:
include - APP\View\Errors\error400.ctp, line 16
View::_evaluate() - APP\Lib\Cake\View\View.php, line 948
View::_render() - APP\Lib\Cake\View\View.php, line 910
View::render() - APP\Lib\Cake\View\View.php, line 471
Controller::render() - APP\Lib\Cake\Controller\Controller.php, line 954
ExceptionRenderer::_outputMessage() - APP\Lib\Cake\Error\ExceptionRenderer.php, line 278
ExceptionRenderer::error400() - APP\Lib\Cake\Error\ExceptionRenderer.php, line 222
ExceptionRenderer::render() - APP\Lib\Cake\Error\ExceptionRenderer.php, line 176
ErrorHandler::handleException() - APP\Lib\Cake\Error\ErrorHandler.php, line 120
[main] - [internal], line ??

2014-05-24 07:18:49 Debug: Notice (8): Undefined variable: cakeDescription in [C:\xampp\htdocs\tisemizapp\View\Errors\error400.ctp, line 15]
Trace:
include - APP\View\Errors\error400.ctp, line 15
View::_evaluate() - APP\Lib\Cake\View\View.php, line 948
View::_render() - APP\Lib\Cake\View\View.php, line 910
View::render() - APP\Lib\Cake\View\View.php, line 471
Controller::render() - APP\Lib\Cake\Controller\Controller.php, line 954
ExceptionRenderer::_outputMessage() - APP\Lib\Cake\Error\ExceptionRenderer.php, line 278
ExceptionRenderer::error400() - APP\Lib\Cake\Error\ExceptionRenderer.php, line 222
ExceptionRenderer::render() - APP\Lib\Cake\Error\ExceptionRenderer.php, line 176
ErrorHandler::handleException() - APP\Lib\Cake\Error\ErrorHandler.php, line 120
[main] - [internal], line ??

2014-05-24 07:18:49 Debug: Notice (8): Undefined variable: title_for_layout in [C:\xampp\htdocs\tisemizapp\View\Errors\error400.ctp, line 16]
Trace:
include - APP\View\Errors\error400.ctp, line 16
View::_evaluate() - APP\Lib\Cake\View\View.php, line 948
View::_render() - APP\Lib\Cake\View\View.php, line 910
View::render() - APP\Lib\Cake\View\View.php, line 471
Controller::render() - APP\Lib\Cake\Controller\Controller.php, line 954
ExceptionRenderer::_outputMessage() - APP\Lib\Cake\Error\ExceptionRenderer.php, line 278
ExceptionRenderer::error400() - APP\Lib\Cake\Error\ExceptionRenderer.php, line 222
ExceptionRenderer::render() - APP\Lib\Cake\Error\ExceptionRenderer.php, line 176
ErrorHandler::handleException() - APP\Lib\Cake\Error\ErrorHandler.php, line 120
[main] - [internal], line ??

2014-05-24 07:18:49 Debug: Notice (8): Undefined variable: cakeDescription in [C:\xampp\htdocs\tisemizapp\View\Errors\error400.ctp, line 15]
Trace:
include - APP\View\Errors\error400.ctp, line 15
View::_evaluate() - APP\Lib\Cake\View\View.php, line 948
View::_render() - APP\Lib\Cake\View\View.php, line 910
View::render() - APP\Lib\Cake\View\View.php, line 471
Controller::render() - APP\Lib\Cake\Controller\Controller.php, line 954
ExceptionRenderer::_outputMessage() - APP\Lib\Cake\Error\ExceptionRenderer.php, line 278
ExceptionRenderer::error400() - APP\Lib\Cake\Error\ExceptionRenderer.php, line 222
ExceptionRenderer::render() - APP\Lib\Cake\Error\ExceptionRenderer.php, line 176
ErrorHandler::handleException() - APP\Lib\Cake\Error\ErrorHandler.php, line 120
[main] - [internal], line ??

2014-05-24 07:18:49 Debug: Notice (8): Undefined variable: title_for_layout in [C:\xampp\htdocs\tisemizapp\View\Errors\error400.ctp, line 16]
Trace:
include - APP\View\Errors\error400.ctp, line 16
View::_evaluate() - APP\Lib\Cake\View\View.php, line 948
View::_render() - APP\Lib\Cake\View\View.php, line 910
View::render() - APP\Lib\Cake\View\View.php, line 471
Controller::render() - APP\Lib\Cake\Controller\Controller.php, line 954
ExceptionRenderer::_outputMessage() - APP\Lib\Cake\Error\ExceptionRenderer.php, line 278
ExceptionRenderer::error400() - APP\Lib\Cake\Error\ExceptionRenderer.php, line 222
ExceptionRenderer::render() - APP\Lib\Cake\Error\ExceptionRenderer.php, line 176
ErrorHandler::handleException() - APP\Lib\Cake\Error\ErrorHandler.php, line 120
[main] - [internal], line ??

2014-05-24 07:18:49 Debug: Notice (8): Undefined variable: cakeDescription in [C:\xampp\htdocs\tisemizapp\View\Errors\error400.ctp, line 15]
Trace:
include - APP\View\Errors\error400.ctp, line 15
View::_evaluate() - APP\Lib\Cake\View\View.php, line 948
View::_render() - APP\Lib\Cake\View\View.php, line 910
View::render() - APP\Lib\Cake\View\View.php, line 471
Controller::render() - APP\Lib\Cake\Controller\Controller.php, line 954
ExceptionRenderer::_outputMessage() - APP\Lib\Cake\Error\ExceptionRenderer.php, line 278
ExceptionRenderer::error400() - APP\Lib\Cake\Error\ExceptionRenderer.php, line 222
ExceptionRenderer::render() - APP\Lib\Cake\Error\ExceptionRenderer.php, line 176
ErrorHandler::handleException() - APP\Lib\Cake\Error\ErrorHandler.php, line 120
[main] - [internal], line ??

2014-05-24 07:18:49 Debug: Notice (8): Undefined variable: title_for_layout in [C:\xampp\htdocs\tisemizapp\View\Errors\error400.ctp, line 16]
Trace:
include - APP\View\Errors\error400.ctp, line 16
View::_evaluate() - APP\Lib\Cake\View\View.php, line 948
View::_render() - APP\Lib\Cake\View\View.php, line 910
View::render() - APP\Lib\Cake\View\View.php, line 471
Controller::render() - APP\Lib\Cake\Controller\Controller.php, line 954
ExceptionRenderer::_outputMessage() - APP\Lib\Cake\Error\ExceptionRenderer.php, line 278
ExceptionRenderer::error400() - APP\Lib\Cake\Error\ExceptionRenderer.php, line 222
ExceptionRenderer::render() - APP\Lib\Cake\Error\ExceptionRenderer.php, line 176
ErrorHandler::handleException() - APP\Lib\Cake\Error\ErrorHandler.php, line 120
[main] - [internal], line ??

2014-05-24 07:18:50 Debug: Notice (8): Undefined variable: cakeDescription in [C:\xampp\htdocs\tisemizapp\View\Errors\error400.ctp, line 15]
Trace:
include - APP\View\Errors\error400.ctp, line 15
View::_evaluate() - APP\Lib\Cake\View\View.php, line 948
View::_render() - APP\Lib\Cake\View\View.php, line 910
View::render() - APP\Lib\Cake\View\View.php, line 471
Controller::render() - APP\Lib\Cake\Controller\Controller.php, line 954
ExceptionRenderer::_outputMessage() - APP\Lib\Cake\Error\ExceptionRenderer.php, line 278
ExceptionRenderer::error400() - APP\Lib\Cake\Error\ExceptionRenderer.php, line 222
ExceptionRenderer::render() - APP\Lib\Cake\Error\ExceptionRenderer.php, line 176
ErrorHandler::handleException() - APP\Lib\Cake\Error\ErrorHandler.php, line 120
[main] - [internal], line ??

2014-05-24 07:18:50 Debug: Notice (8): Undefined variable: title_for_layout in [C:\xampp\htdocs\tisemizapp\View\Errors\error400.ctp, line 16]
Trace:
include - APP\View\Errors\error400.ctp, line 16
View::_evaluate() - APP\Lib\Cake\View\View.php, line 948
View::_render() - APP\Lib\Cake\View\View.php, line 910
View::render() - APP\Lib\Cake\View\View.php, line 471
Controller::render() - APP\Lib\Cake\Controller\Controller.php, line 954
ExceptionRenderer::_outputMessage() - APP\Lib\Cake\Error\ExceptionRenderer.php, line 278
ExceptionRenderer::error400() - APP\Lib\Cake\Error\ExceptionRenderer.php, line 222
ExceptionRenderer::render() - APP\Lib\Cake\Error\ExceptionRenderer.php, line 176
ErrorHandler::handleException() - APP\Lib\Cake\Error\ErrorHandler.php, line 120
[main] - [internal], line ??

2014-05-24 07:18:50 Debug: Notice (8): Undefined variable: cakeDescription in [C:\xampp\htdocs\tisemizapp\View\Errors\error400.ctp, line 15]
Trace:
include - APP\View\Errors\error400.ctp, line 15
View::_evaluate() - APP\Lib\Cake\View\View.php, line 948
View::_render() - APP\Lib\Cake\View\View.php, line 910
View::render() - APP\Lib\Cake\View\View.php, line 471
Controller::render() - APP\Lib\Cake\Controller\Controller.php, line 954
ExceptionRenderer::_outputMessage() - APP\Lib\Cake\Error\ExceptionRenderer.php, line 278
ExceptionRenderer::error400() - APP\Lib\Cake\Error\ExceptionRenderer.php, line 222
ExceptionRenderer::render() - APP\Lib\Cake\Error\ExceptionRenderer.php, line 176
ErrorHandler::handleException() - APP\Lib\Cake\Error\ErrorHandler.php, line 120
[main] - [internal], line ??

2014-05-24 07:18:50 Debug: Notice (8): Undefined variable: title_for_layout in [C:\xampp\htdocs\tisemizapp\View\Errors\error400.ctp, line 16]
Trace:
include - APP\View\Errors\error400.ctp, line 16
View::_evaluate() - APP\Lib\Cake\View\View.php, line 948
View::_render() - APP\Lib\Cake\View\View.php, line 910
View::render() - APP\Lib\Cake\View\View.php, line 471
Controller::render() - APP\Lib\Cake\Controller\Controller.php, line 954
ExceptionRenderer::_outputMessage() - APP\Lib\Cake\Error\ExceptionRenderer.php, line 278
ExceptionRenderer::error400() - APP\Lib\Cake\Error\ExceptionRenderer.php, line 222
ExceptionRenderer::render() - APP\Lib\Cake\Error\ExceptionRenderer.php, line 176
ErrorHandler::handleException() - APP\Lib\Cake\Error\ErrorHandler.php, line 120
[main] - [internal], line ??

2014-05-24 07:18:50 Debug: Notice (8): Undefined variable: cakeDescription in [C:\xampp\htdocs\tisemizapp\View\Errors\error400.ctp, line 15]
Trace:
include - APP\View\Errors\error400.ctp, line 15
View::_evaluate() - APP\Lib\Cake\View\View.php, line 948
View::_render() - APP\Lib\Cake\View\View.php, line 910
View::render() - APP\Lib\Cake\View\View.php, line 471
Controller::render() - APP\Lib\Cake\Controller\Controller.php, line 954
ExceptionRenderer::_outputMessage() - APP\Lib\Cake\Error\ExceptionRenderer.php, line 278
ExceptionRenderer::error400() - APP\Lib\Cake\Error\ExceptionRenderer.php, line 222
ExceptionRenderer::render() - APP\Lib\Cake\Error\ExceptionRenderer.php, line 176
ErrorHandler::handleException() - APP\Lib\Cake\Error\ErrorHandler.php, line 120
[main] - [internal], line ??

2014-05-24 07:18:50 Debug: Notice (8): Undefined variable: title_for_layout in [C:\xampp\htdocs\tisemizapp\View\Errors\error400.ctp, line 16]
Trace:
include - APP\View\Errors\error400.ctp, line 16
View::_evaluate() - APP\Lib\Cake\View\View.php, line 948
View::_render() - APP\Lib\Cake\View\View.php, line 910
View::render() - APP\Lib\Cake\View\View.php, line 471
Controller::render() - APP\Lib\Cake\Controller\Controller.php, line 954
ExceptionRenderer::_outputMessage() - APP\Lib\Cake\Error\ExceptionRenderer.php, line 278
ExceptionRenderer::error400() - APP\Lib\Cake\Error\ExceptionRenderer.php, line 222
ExceptionRenderer::render() - APP\Lib\Cake\Error\ExceptionRenderer.php, line 176
ErrorHandler::handleException() - APP\Lib\Cake\Error\ErrorHandler.php, line 120
[main] - [internal], line ??

2014-05-24 07:18:51 Debug: Notice (8): Undefined variable: cakeDescription in [C:\xampp\htdocs\tisemizapp\View\Errors\error400.ctp, line 15]
Trace:
include - APP\View\Errors\error400.ctp, line 15
View::_evaluate() - APP\Lib\Cake\View\View.php, line 948
View::_render() - APP\Lib\Cake\View\View.php, line 910
View::render() - APP\Lib\Cake\View\View.php, line 471
Controller::render() - APP\Lib\Cake\Controller\Controller.php, line 954
ExceptionRenderer::_outputMessage() - APP\Lib\Cake\Error\ExceptionRenderer.php, line 278
ExceptionRenderer::error400() - APP\Lib\Cake\Error\ExceptionRenderer.php, line 222
ExceptionRenderer::render() - APP\Lib\Cake\Error\ExceptionRenderer.php, line 176
ErrorHandler::handleException() - APP\Lib\Cake\Error\ErrorHandler.php, line 120
[main] - [internal], line ??

2014-05-24 07:18:51 Debug: Notice (8): Undefined variable: title_for_layout in [C:\xampp\htdocs\tisemizapp\View\Errors\error400.ctp, line 16]
Trace:
include - APP\View\Errors\error400.ctp, line 16
View::_evaluate() - APP\Lib\Cake\View\View.php, line 948
View::_render() - APP\Lib\Cake\View\View.php, line 910
View::render() - APP\Lib\Cake\View\View.php, line 471
Controller::render() - APP\Lib\Cake\Controller\Controller.php, line 954
ExceptionRenderer::_outputMessage() - APP\Lib\Cake\Error\ExceptionRenderer.php, line 278
ExceptionRenderer::error400() - APP\Lib\Cake\Error\ExceptionRenderer.php, line 222
ExceptionRenderer::render() - APP\Lib\Cake\Error\ExceptionRenderer.php, line 176
ErrorHandler::handleException() - APP\Lib\Cake\Error\ErrorHandler.php, line 120
[main] - [internal], line ??

2014-05-24 07:18:51 Debug: Notice (8): Undefined variable: cakeDescription in [C:\xampp\htdocs\tisemizapp\View\Errors\error400.ctp, line 15]
Trace:
include - APP\View\Errors\error400.ctp, line 15
View::_evaluate() - APP\Lib\Cake\View\View.php, line 948
View::_render() - APP\Lib\Cake\View\View.php, line 910
View::render() - APP\Lib\Cake\View\View.php, line 471
Controller::render() - APP\Lib\Cake\Controller\Controller.php, line 954
ExceptionRenderer::_outputMessage() - APP\Lib\Cake\Error\ExceptionRenderer.php, line 278
ExceptionRenderer::error400() - APP\Lib\Cake\Error\ExceptionRenderer.php, line 222
ExceptionRenderer::render() - APP\Lib\Cake\Error\ExceptionRenderer.php, line 176
ErrorHandler::handleException() - APP\Lib\Cake\Error\ErrorHandler.php, line 120
[main] - [internal], line ??

2014-05-24 07:18:51 Debug: Notice (8): Undefined variable: title_for_layout in [C:\xampp\htdocs\tisemizapp\View\Errors\error400.ctp, line 16]
Trace:
include - APP\View\Errors\error400.ctp, line 16
View::_evaluate() - APP\Lib\Cake\View\View.php, line 948
View::_render() - APP\Lib\Cake\View\View.php, line 910
View::render() - APP\Lib\Cake\View\View.php, line 471
Controller::render() - APP\Lib\Cake\Controller\Controller.php, line 954
ExceptionRenderer::_outputMessage() - APP\Lib\Cake\Error\ExceptionRenderer.php, line 278
ExceptionRenderer::error400() - APP\Lib\Cake\Error\ExceptionRenderer.php, line 222
ExceptionRenderer::render() - APP\Lib\Cake\Error\ExceptionRenderer.php, line 176
ErrorHandler::handleException() - APP\Lib\Cake\Error\ErrorHandler.php, line 120
[main] - [internal], line ??

2014-05-24 07:18:52 Debug: Notice (8): Undefined variable: cakeDescription in [C:\xampp\htdocs\tisemizapp\View\Errors\error400.ctp, line 15]
Trace:
include - APP\View\Errors\error400.ctp, line 15
View::_evaluate() - APP\Lib\Cake\View\View.php, line 948
View::_render() - APP\Lib\Cake\View\View.php, line 910
View::render() - APP\Lib\Cake\View\View.php, line 471
Controller::render() - APP\Lib\Cake\Controller\Controller.php, line 954
ExceptionRenderer::_outputMessage() - APP\Lib\Cake\Error\ExceptionRenderer.php, line 278
ExceptionRenderer::error400() - APP\Lib\Cake\Error\ExceptionRenderer.php, line 222
ExceptionRenderer::render() - APP\Lib\Cake\Error\ExceptionRenderer.php, line 176
ErrorHandler::handleException() - APP\Lib\Cake\Error\ErrorHandler.php, line 120
[main] - [internal], line ??

2014-05-24 07:18:52 Debug: Notice (8): Undefined variable: title_for_layout in [C:\xampp\htdocs\tisemizapp\View\Errors\error400.ctp, line 16]
Trace:
include - APP\View\Errors\error400.ctp, line 16
View::_evaluate() - APP\Lib\Cake\View\View.php, line 948
View::_render() - APP\Lib\Cake\View\View.php, line 910
View::render() - APP\Lib\Cake\View\View.php, line 471
Controller::render() - APP\Lib\Cake\Controller\Controller.php, line 954
ExceptionRenderer::_outputMessage() - APP\Lib\Cake\Error\ExceptionRenderer.php, line 278
ExceptionRenderer::error400() - APP\Lib\Cake\Error\ExceptionRenderer.php, line 222
ExceptionRenderer::render() - APP\Lib\Cake\Error\ExceptionRenderer.php, line 176
ErrorHandler::handleException() - APP\Lib\Cake\Error\ErrorHandler.php, line 120
[main] - [internal], line ??

2014-05-24 07:18:52 Debug: Notice (8): Undefined variable: cakeDescription in [C:\xampp\htdocs\tisemizapp\View\Errors\error400.ctp, line 15]
Trace:
include - APP\View\Errors\error400.ctp, line 15
View::_evaluate() - APP\Lib\Cake\View\View.php, line 948
View::_render() - APP\Lib\Cake\View\View.php, line 910
View::render() - APP\Lib\Cake\View\View.php, line 471
Controller::render() - APP\Lib\Cake\Controller\Controller.php, line 954
ExceptionRenderer::_outputMessage() - APP\Lib\Cake\Error\ExceptionRenderer.php, line 278
ExceptionRenderer::error400() - APP\Lib\Cake\Error\ExceptionRenderer.php, line 222
ExceptionRenderer::render() - APP\Lib\Cake\Error\ExceptionRenderer.php, line 176
ErrorHandler::handleException() - APP\Lib\Cake\Error\ErrorHandler.php, line 120
[main] - [internal], line ??

2014-05-24 07:18:52 Debug: Notice (8): Undefined variable: title_for_layout in [C:\xampp\htdocs\tisemizapp\View\Errors\error400.ctp, line 16]
Trace:
include - APP\View\Errors\error400.ctp, line 16
View::_evaluate() - APP\Lib\Cake\View\View.php, line 948
View::_render() - APP\Lib\Cake\View\View.php, line 910
View::render() - APP\Lib\Cake\View\View.php, line 471
Controller::render() - APP\Lib\Cake\Controller\Controller.php, line 954
ExceptionRenderer::_outputMessage() - APP\Lib\Cake\Error\ExceptionRenderer.php, line 278
ExceptionRenderer::error400() - APP\Lib\Cake\Error\ExceptionRenderer.php, line 222
ExceptionRenderer::render() - APP\Lib\Cake\Error\ExceptionRenderer.php, line 176
ErrorHandler::handleException() - APP\Lib\Cake\Error\ErrorHandler.php, line 120
[main] - [internal], line ??

2014-05-24 07:18:52 Debug: Notice (8): Undefined variable: cakeDescription in [C:\xampp\htdocs\tisemizapp\View\Errors\error400.ctp, line 15]
Trace:
include - APP\View\Errors\error400.ctp, line 15
View::_evaluate() - APP\Lib\Cake\View\View.php, line 948
View::_render() - APP\Lib\Cake\View\View.php, line 910
View::render() - APP\Lib\Cake\View\View.php, line 471
Controller::render() - APP\Lib\Cake\Controller\Controller.php, line 954
ExceptionRenderer::_outputMessage() - APP\Lib\Cake\Error\ExceptionRenderer.php, line 278
ExceptionRenderer::error400() - APP\Lib\Cake\Error\ExceptionRenderer.php, line 222
ExceptionRenderer::render() - APP\Lib\Cake\Error\ExceptionRenderer.php, line 176
ErrorHandler::handleException() - APP\Lib\Cake\Error\ErrorHandler.php, line 120
[main] - [internal], line ??

2014-05-24 07:18:52 Debug: Notice (8): Undefined variable: title_for_layout in [C:\xampp\htdocs\tisemizapp\View\Errors\error400.ctp, line 16]
Trace:
include - APP\View\Errors\error400.ctp, line 16
View::_evaluate() - APP\Lib\Cake\View\View.php, line 948
View::_render() - APP\Lib\Cake\View\View.php, line 910
View::render() - APP\Lib\Cake\View\View.php, line 471
Controller::render() - APP\Lib\Cake\Controller\Controller.php, line 954
ExceptionRenderer::_outputMessage() - APP\Lib\Cake\Error\ExceptionRenderer.php, line 278
ExceptionRenderer::error400() - APP\Lib\Cake\Error\ExceptionRenderer.php, line 222
ExceptionRenderer::render() - APP\Lib\Cake\Error\ExceptionRenderer.php, line 176
ErrorHandler::handleException() - APP\Lib\Cake\Error\ErrorHandler.php, line 120
[main] - [internal], line ??

2014-05-24 07:18:52 Debug: Notice (8): Undefined variable: cakeDescription in [C:\xampp\htdocs\tisemizapp\View\Errors\error400.ctp, line 15]
Trace:
include - APP\View\Errors\error400.ctp, line 15
View::_evaluate() - APP\Lib\Cake\View\View.php, line 948
View::_render() - APP\Lib\Cake\View\View.php, line 910
View::render() - APP\Lib\Cake\View\View.php, line 471
Controller::render() - APP\Lib\Cake\Controller\Controller.php, line 954
ExceptionRenderer::_outputMessage() - APP\Lib\Cake\Error\ExceptionRenderer.php, line 278
ExceptionRenderer::error400() - APP\Lib\Cake\Error\ExceptionRenderer.php, line 222
ExceptionRenderer::render() - APP\Lib\Cake\Error\ExceptionRenderer.php, line 176
ErrorHandler::handleException() - APP\Lib\Cake\Error\ErrorHandler.php, line 120
[main] - [internal], line ??

2014-05-24 07:18:52 Debug: Notice (8): Undefined variable: title_for_layout in [C:\xampp\htdocs\tisemizapp\View\Errors\error400.ctp, line 16]
Trace:
include - APP\View\Errors\error400.ctp, line 16
View::_evaluate() - APP\Lib\Cake\View\View.php, line 948
View::_render() - APP\Lib\Cake\View\View.php, line 910
View::render() - APP\Lib\Cake\View\View.php, line 471
Controller::render() - APP\Lib\Cake\Controller\Controller.php, line 954
ExceptionRenderer::_outputMessage() - APP\Lib\Cake\Error\ExceptionRenderer.php, line 278
ExceptionRenderer::error400() - APP\Lib\Cake\Error\ExceptionRenderer.php, line 222
ExceptionRenderer::render() - APP\Lib\Cake\Error\ExceptionRenderer.php, line 176
ErrorHandler::handleException() - APP\Lib\Cake\Error\ErrorHandler.php, line 120
[main] - [internal], line ??

2014-05-24 07:18:53 Debug: Notice (8): Undefined variable: cakeDescription in [C:\xampp\htdocs\tisemizapp\View\Errors\error400.ctp, line 15]
Trace:
include - APP\View\Errors\error400.ctp, line 15
View::_evaluate() - APP\Lib\Cake\View\View.php, line 948
View::_render() - APP\Lib\Cake\View\View.php, line 910
View::render() - APP\Lib\Cake\View\View.php, line 471
Controller::render() - APP\Lib\Cake\Controller\Controller.php, line 954
ExceptionRenderer::_outputMessage() - APP\Lib\Cake\Error\ExceptionRenderer.php, line 278
ExceptionRenderer::error400() - APP\Lib\Cake\Error\ExceptionRenderer.php, line 222
ExceptionRenderer::render() - APP\Lib\Cake\Error\ExceptionRenderer.php, line 176
ErrorHandler::handleException() - APP\Lib\Cake\Error\ErrorHandler.php, line 120
[main] - [internal], line ??

2014-05-24 07:18:53 Debug: Notice (8): Undefined variable: title_for_layout in [C:\xampp\htdocs\tisemizapp\View\Errors\error400.ctp, line 16]
Trace:
include - APP\View\Errors\error400.ctp, line 16
View::_evaluate() - APP\Lib\Cake\View\View.php, line 948
View::_render() - APP\Lib\Cake\View\View.php, line 910
View::render() - APP\Lib\Cake\View\View.php, line 471
Controller::render() - APP\Lib\Cake\Controller\Controller.php, line 954
ExceptionRenderer::_outputMessage() - APP\Lib\Cake\Error\ExceptionRenderer.php, line 278
ExceptionRenderer::error400() - APP\Lib\Cake\Error\ExceptionRenderer.php, line 222
ExceptionRenderer::render() - APP\Lib\Cake\Error\ExceptionRenderer.php, line 176
ErrorHandler::handleException() - APP\Lib\Cake\Error\ErrorHandler.php, line 120
[main] - [internal], line ??

2014-05-24 07:18:53 Debug: Notice (8): Undefined variable: cakeDescription in [C:\xampp\htdocs\tisemizapp\View\Errors\error400.ctp, line 15]
Trace:
include - APP\View\Errors\error400.ctp, line 15
View::_evaluate() - APP\Lib\Cake\View\View.php, line 948
View::_render() - APP\Lib\Cake\View\View.php, line 910
View::render() - APP\Lib\Cake\View\View.php, line 471
Controller::render() - APP\Lib\Cake\Controller\Controller.php, line 954
ExceptionRenderer::_outputMessage() - APP\Lib\Cake\Error\ExceptionRenderer.php, line 278
ExceptionRenderer::error400() - APP\Lib\Cake\Error\ExceptionRenderer.php, line 222
ExceptionRenderer::render() - APP\Lib\Cake\Error\ExceptionRenderer.php, line 176
ErrorHandler::handleException() - APP\Lib\Cake\Error\ErrorHandler.php, line 120
[main] - [internal], line ??

2014-05-24 07:18:53 Debug: Notice (8): Undefined variable: title_for_layout in [C:\xampp\htdocs\tisemizapp\View\Errors\error400.ctp, line 16]
Trace:
include - APP\View\Errors\error400.ctp, line 16
View::_evaluate() - APP\Lib\Cake\View\View.php, line 948
View::_render() - APP\Lib\Cake\View\View.php, line 910
View::render() - APP\Lib\Cake\View\View.php, line 471
Controller::render() - APP\Lib\Cake\Controller\Controller.php, line 954
ExceptionRenderer::_outputMessage() - APP\Lib\Cake\Error\ExceptionRenderer.php, line 278
ExceptionRenderer::error400() - APP\Lib\Cake\Error\ExceptionRenderer.php, line 222
ExceptionRenderer::render() - APP\Lib\Cake\Error\ExceptionRenderer.php, line 176
ErrorHandler::handleException() - APP\Lib\Cake\Error\ErrorHandler.php, line 120
[main] - [internal], line ??

2014-05-24 07:18:53 Debug: Notice (8): Undefined variable: cakeDescription in [C:\xampp\htdocs\tisemizapp\View\Errors\error400.ctp, line 15]
Trace:
include - APP\View\Errors\error400.ctp, line 15
View::_evaluate() - APP\Lib\Cake\View\View.php, line 948
View::_render() - APP\Lib\Cake\View\View.php, line 910
View::render() - APP\Lib\Cake\View\View.php, line 471
Controller::render() - APP\Lib\Cake\Controller\Controller.php, line 954
ExceptionRenderer::_outputMessage() - APP\Lib\Cake\Error\ExceptionRenderer.php, line 278
ExceptionRenderer::error400() - APP\Lib\Cake\Error\ExceptionRenderer.php, line 222
ExceptionRenderer::render() - APP\Lib\Cake\Error\ExceptionRenderer.php, line 176
ErrorHandler::handleException() - APP\Lib\Cake\Error\ErrorHandler.php, line 120
[main] - [internal], line ??

2014-05-24 07:18:53 Debug: Notice (8): Undefined variable: title_for_layout in [C:\xampp\htdocs\tisemizapp\View\Errors\error400.ctp, line 16]
Trace:
include - APP\View\Errors\error400.ctp, line 16
View::_evaluate() - APP\Lib\Cake\View\View.php, line 948
View::_render() - APP\Lib\Cake\View\View.php, line 910
View::render() - APP\Lib\Cake\View\View.php, line 471
Controller::render() - APP\Lib\Cake\Controller\Controller.php, line 954
ExceptionRenderer::_outputMessage() - APP\Lib\Cake\Error\ExceptionRenderer.php, line 278
ExceptionRenderer::error400() - APP\Lib\Cake\Error\ExceptionRenderer.php, line 222
ExceptionRenderer::render() - APP\Lib\Cake\Error\ExceptionRenderer.php, line 176
ErrorHandler::handleException() - APP\Lib\Cake\Error\ErrorHandler.php, line 120
[main] - [internal], line ??

2014-05-24 07:18:53 Debug: Notice (8): Undefined variable: cakeDescription in [C:\xampp\htdocs\tisemizapp\View\Errors\error400.ctp, line 15]
Trace:
include - APP\View\Errors\error400.ctp, line 15
View::_evaluate() - APP\Lib\Cake\View\View.php, line 948
View::_render() - APP\Lib\Cake\View\View.php, line 910
View::render() - APP\Lib\Cake\View\View.php, line 471
Controller::render() - APP\Lib\Cake\Controller\Controller.php, line 954
ExceptionRenderer::_outputMessage() - APP\Lib\Cake\Error\ExceptionRenderer.php, line 278
ExceptionRenderer::error400() - APP\Lib\Cake\Error\ExceptionRenderer.php, line 222
ExceptionRenderer::render() - APP\Lib\Cake\Error\ExceptionRenderer.php, line 176
ErrorHandler::handleException() - APP\Lib\Cake\Error\ErrorHandler.php, line 120
[main] - [internal], line ??

2014-05-24 07:18:53 Debug: Notice (8): Undefined variable: title_for_layout in [C:\xampp\htdocs\tisemizapp\View\Errors\error400.ctp, line 16]
Trace:
include - APP\View\Errors\error400.ctp, line 16
View::_evaluate() - APP\Lib\Cake\View\View.php, line 948
View::_render() - APP\Lib\Cake\View\View.php, line 910
View::render() - APP\Lib\Cake\View\View.php, line 471
Controller::render() - APP\Lib\Cake\Controller\Controller.php, line 954
ExceptionRenderer::_outputMessage() - APP\Lib\Cake\Error\ExceptionRenderer.php, line 278
ExceptionRenderer::error400() - APP\Lib\Cake\Error\ExceptionRenderer.php, line 222
ExceptionRenderer::render() - APP\Lib\Cake\Error\ExceptionRenderer.php, line 176
ErrorHandler::handleException() - APP\Lib\Cake\Error\ErrorHandler.php, line 120
[main] - [internal], line ??

2014-05-24 07:35:26 Debug: Notice (8): Undefined variable: cakeDescription in [C:\xampp\htdocs\tisemizapp\View\Errors\error400.ctp, line 15]
Trace:
include - APP\View\Errors\error400.ctp, line 15
View::_evaluate() - APP\Lib\Cake\View\View.php, line 948
View::_render() - APP\Lib\Cake\View\View.php, line 910
View::render() - APP\Lib\Cake\View\View.php, line 471
Controller::render() - APP\Lib\Cake\Controller\Controller.php, line 954
ExceptionRenderer::_outputMessage() - APP\Lib\Cake\Error\ExceptionRenderer.php, line 278
ExceptionRenderer::error400() - APP\Lib\Cake\Error\ExceptionRenderer.php, line 222
ExceptionRenderer::render() - APP\Lib\Cake\Error\ExceptionRenderer.php, line 176
ErrorHandler::handleException() - APP\Lib\Cake\Error\ErrorHandler.php, line 120
[main] - [internal], line ??

2014-05-24 07:35:26 Debug: Notice (8): Undefined variable: title_for_layout in [C:\xampp\htdocs\tisemizapp\View\Errors\error400.ctp, line 16]
Trace:
include - APP\View\Errors\error400.ctp, line 16
View::_evaluate() - APP\Lib\Cake\View\View.php, line 948
View::_render() - APP\Lib\Cake\View\View.php, line 910
View::render() - APP\Lib\Cake\View\View.php, line 471
Controller::render() - APP\Lib\Cake\Controller\Controller.php, line 954
ExceptionRenderer::_outputMessage() - APP\Lib\Cake\Error\ExceptionRenderer.php, line 278
ExceptionRenderer::error400() - APP\Lib\Cake\Error\ExceptionRenderer.php, line 222
ExceptionRenderer::render() - APP\Lib\Cake\Error\ExceptionRenderer.php, line 176
ErrorHandler::handleException() - APP\Lib\Cake\Error\ErrorHandler.php, line 120
[main] - [internal], line ??

2014-05-24 07:36:56 Debug: Notice (8): Undefined variable: cakeDescription in [C:\xampp\htdocs\tisemizapp\View\Errors\error400.ctp, line 15]
Trace:
include - APP\View\Errors\error400.ctp, line 15
View::_evaluate() - APP\Lib\Cake\View\View.php, line 948
View::_render() - APP\Lib\Cake\View\View.php, line 910
View::render() - APP\Lib\Cake\View\View.php, line 471
Controller::render() - APP\Lib\Cake\Controller\Controller.php, line 954
ExceptionRenderer::_outputMessage() - APP\Lib\Cake\Error\ExceptionRenderer.php, line 278
ExceptionRenderer::error400() - APP\Lib\Cake\Error\ExceptionRenderer.php, line 222
ExceptionRenderer::render() - APP\Lib\Cake\Error\ExceptionRenderer.php, line 176
ErrorHandler::handleException() - APP\Lib\Cake\Error\ErrorHandler.php, line 120
[main] - [internal], line ??

2014-05-24 07:36:56 Debug: Notice (8): Undefined variable: title_for_layout in [C:\xampp\htdocs\tisemizapp\View\Errors\error400.ctp, line 16]
Trace:
include - APP\View\Errors\error400.ctp, line 16
View::_evaluate() - APP\Lib\Cake\View\View.php, line 948
View::_render() - APP\Lib\Cake\View\View.php, line 910
View::render() - APP\Lib\Cake\View\View.php, line 471
Controller::render() - APP\Lib\Cake\Controller\Controller.php, line 954
ExceptionRenderer::_outputMessage() - APP\Lib\Cake\Error\ExceptionRenderer.php, line 278
ExceptionRenderer::error400() - APP\Lib\Cake\Error\ExceptionRenderer.php, line 222
ExceptionRenderer::render() - APP\Lib\Cake\Error\ExceptionRenderer.php, line 176
ErrorHandler::handleException() - APP\Lib\Cake\Error\ErrorHandler.php, line 120
[main] - [internal], line ??

2014-05-24 07:37:25 Debug: Notice (8): Undefined variable: cakeDescription in [C:\xampp\htdocs\tisemizapp\View\Errors\error400.ctp, line 15]
Trace:
include - APP\View\Errors\error400.ctp, line 15
View::_evaluate() - APP\Lib\Cake\View\View.php, line 948
View::_render() - APP\Lib\Cake\View\View.php, line 910
View::render() - APP\Lib\Cake\View\View.php, line 471
Controller::render() - APP\Lib\Cake\Controller\Controller.php, line 954
ExceptionRenderer::_outputMessage() - APP\Lib\Cake\Error\ExceptionRenderer.php, line 278
ExceptionRenderer::error400() - APP\Lib\Cake\Error\ExceptionRenderer.php, line 222
ExceptionRenderer::render() - APP\Lib\Cake\Error\ExceptionRenderer.php, line 176
ErrorHandler::handleException() - APP\Lib\Cake\Error\ErrorHandler.php, line 120
[main] - [internal], line ??

2014-05-24 07:37:25 Debug: Notice (8): Undefined variable: title_for_layout in [C:\xampp\htdocs\tisemizapp\View\Errors\error400.ctp, line 16]
Trace:
include - APP\View\Errors\error400.ctp, line 16
View::_evaluate() - APP\Lib\Cake\View\View.php, line 948
View::_render() - APP\Lib\Cake\View\View.php, line 910
View::render() - APP\Lib\Cake\View\View.php, line 471
Controller::render() - APP\Lib\Cake\Controller\Controller.php, line 954
ExceptionRenderer::_outputMessage() - APP\Lib\Cake\Error\ExceptionRenderer.php, line 278
ExceptionRenderer::error400() - APP\Lib\Cake\Error\ExceptionRenderer.php, line 222
ExceptionRenderer::render() - APP\Lib\Cake\Error\ExceptionRenderer.php, line 176
ErrorHandler::handleException() - APP\Lib\Cake\Error\ErrorHandler.php, line 120
[main] - [internal], line ??

2014-05-24 07:37:28 Debug: Notice (8): Undefined variable: cakeDescription in [C:\xampp\htdocs\tisemizapp\View\Errors\error400.ctp, line 15]
Trace:
include - APP\View\Errors\error400.ctp, line 15
View::_evaluate() - APP\Lib\Cake\View\View.php, line 948
View::_render() - APP\Lib\Cake\View\View.php, line 910
View::render() - APP\Lib\Cake\View\View.php, line 471
Controller::render() - APP\Lib\Cake\Controller\Controller.php, line 954
ExceptionRenderer::_outputMessage() - APP\Lib\Cake\Error\ExceptionRenderer.php, line 278
ExceptionRenderer::error400() - APP\Lib\Cake\Error\ExceptionRenderer.php, line 222
ExceptionRenderer::render() - APP\Lib\Cake\Error\ExceptionRenderer.php, line 176
ErrorHandler::handleException() - APP\Lib\Cake\Error\ErrorHandler.php, line 120
[main] - [internal], line ??

2014-05-24 07:37:28 Debug: Notice (8): Undefined variable: title_for_layout in [C:\xampp\htdocs\tisemizapp\View\Errors\error400.ctp, line 16]
Trace:
include - APP\View\Errors\error400.ctp, line 16
View::_evaluate() - APP\Lib\Cake\View\View.php, line 948
View::_render() - APP\Lib\Cake\View\View.php, line 910
View::render() - APP\Lib\Cake\View\View.php, line 471
Controller::render() - APP\Lib\Cake\Controller\Controller.php, line 954
ExceptionRenderer::_outputMessage() - APP\Lib\Cake\Error\ExceptionRenderer.php, line 278
ExceptionRenderer::error400() - APP\Lib\Cake\Error\ExceptionRenderer.php, line 222
ExceptionRenderer::render() - APP\Lib\Cake\Error\ExceptionRenderer.php, line 176
ErrorHandler::handleException() - APP\Lib\Cake\Error\ErrorHandler.php, line 120
[main] - [internal], line ??

